get_album_info: http://music.baidu.com/album/177653
get_song_info: http://music.baidu.com/song/1697583
download song: 张智霖-言不由衷/01.忽然觉得好想你.mp3
get_song_info: http://music.baidu.com/song/1614493
download song: 张智霖-言不由衷/02.言不由衷.mp3
get_song_info: http://music.baidu.com/song/1518575
download song: 张智霖-言不由衷/03.释放.mp3
get_song_info: http://music.baidu.com/song/343320
download song: 张智霖-言不由衷/04.夜漆黑.mp3
get_song_info: http://music.baidu.com/song/1667108
download song: 张智霖-言不由衷/05.爱了爱了.mp3
get_song_info: http://music.baidu.com/song/1738968
download song: 张智霖-言不由衷/06.爱的时光.mp3
get_song_info: http://music.baidu.com/song/1768796
download song: 张智霖-言不由衷/07.拥抱的感觉.mp3
get_song_info: http://music.baidu.com/song/448260
download song: 张智霖-言不由衷/08.我忘不了你.mp3
get_song_info: http://music.baidu.com/song/1620165
download song: 张智霖-言不由衷/09.追寻.mp3
get_song_info: http://music.baidu.com/song/1626505
download song: 张智霖-言不由衷/10.知音.mp3
